Build started 2/15/2012 2:01:57 AM.
     1>Project "D:\Users\Greg\Dropbox\School\CS_405\Artemis\Artemis\Artemis.vcxproj" on node 2 (build target(s)).
     1>InitializeBuildStatus:
         Creating "x64\Release\Artemis.unsuccessfulbuild" because "AlwaysCreate" was specified.
       ClCompile:
         F:\Program_Files_(x86)\Microsoft Visual Studio 10.0\VC\bin\x86_amd64\CL.exe /c /I"C:\Program Files\boost" /Zi /nologo /W3 /WX- /O2 /Oi /Ot /GL /D WIN32 /D NDEBUG /D _CONSOLE /D _UNICODE /D UNICODE /Gm- /EHsc /MD /GS /Gy /fp:fast /Zc:wchar_t /Zc:forScope /openmp- /Fo"x64\Release\\" /Fd"x64\Release\vc100.pdb" /Gd /TP /errorReport:prompt Artemis.cpp
         Artemis.cpp
     1>Artemis.cpp(174): warning C4244: '=' : conversion from 'time_t' to 'long', possible loss of data
     1>Artemis.cpp(73): warning C4101: 'output' : unreferenced local variable
       Link:
         F:\Program_Files_(x86)\Microsoft Visual Studio 10.0\VC\bin\x86_amd64\link.exe /ERRORREPORT:PROMPT /OUT:"D:\Users\Greg\Dropbox\School\CS_405\Artemis\x64\Release\Artemis.exe" /INCREMENTAL:NO /NOLOGO /LIBPATH:"C:\Program Files\boost\stage\lib" kernel32.lib user32.lib gdi32.lib winspool.lib comdlg32.lib advapi32.lib shell32.lib ole32.lib oleaut32.lib uuid.lib odbc32.lib odbccp32.lib /MANIFEST /ManifestFile:"x64\Release\Artemis.exe.intermediate.manifest" /MANIFESTUAC:"level='asInvoker' uiAccess='false'" /DEBUG /PDB:"D:\Users\Greg\Dropbox\School\CS_405\Artemis\x64\Release\Artemis.pdb" /SUBSYSTEM:CONSOLE /OPT:REF /OPT:ICF /LTCG /TLBID:1 /DYNAMICBASE /NXCOMPAT /IMPLIB:"D:\Users\Greg\Dropbox\School\CS_405\Artemis\x64\Release\Artemis.lib" /MACHINE:X64 x64\Release\Artemis.obj
         x64\Release\FFNN.obj
         Generating code
         Finished generating code
         Artemis.vcxproj -> D:\Users\Greg\Dropbox\School\CS_405\Artemis\x64\Release\Artemis.exe
       Manifest:
         F:\Program_Files_(x86)\Microsoft SDKs\Windows\v7.0A\bin\mt.exe /nologo /verbose /outputresource:"D:\Users\Greg\Dropbox\School\CS_405\Artemis\x64\Release\Artemis.exe;#1" /manifest x64\Release\Artemis.exe.intermediate.manifest
       FinalizeBuildStatus:
         Deleting file "x64\Release\Artemis.unsuccessfulbuild".
         Touching "x64\Release\Artemis.lastbuildstate".
     1>Done Building Project "D:\Users\Greg\Dropbox\School\CS_405\Artemis\Artemis\Artemis.vcxproj" (build target(s)).

Build succeeded.

Time Elapsed 00:00:00.93
